{
  "uid" : "404db057a78f369d",
  "name" : "test_get_login_submit",
  "fullName" : "test_testcase.TestSingle#test_get_login_submit",
  "historyId" : "9d45b30fd97667aff13f3a162735a3a9",
  "time" : {
    "start" : 1576678928200,
    "stop" : 1576678928547,
    "duration" : 347
  },
  "description" : " 呵呵呵呵1234",
  "descriptionHtml" : "<p>呵呵呵呵1234</p>\n",
  "status" : "failed",
  "statusMessage" : "AssertionError: assert '2' == '0'\n  - 2\n  + 0",
  "statusTrace" : "self = <tests.test_testcase.TestSingle object at 0x10a2f0fd0>\n\n    @allure.story(\"测试3\")\n    def test_get_login_submit(self):\n        \"\"\" 呵呵呵呵1234\"\"\"\n        single_testcase_yaml = os.path.join(os.path.dirname(__file__), \"api\", \"get_login_submit.yml\")\n    \n        result = self.run.run_yml(single_testcase_yaml)\n        logger.info(\"666666666\"+str(result))\n        for ass in result[0]:\n            logger.info(ass[\"url\"])\n            logger.info(ass[\"method\"])\n            for vale in ass[\"data\"]:\n                logger.info(\"=======Assert=====\")\n                logger.info(\"{} expected:{} actual:{}\".format(vale[\"key\"], vale[\"expected\"], vale[\"actual\"]))\n                # logger.info(\"actual:{}\".format(vale[\"actual\"]))\n>               assert vale[\"expected\"] == vale[\"actual\"]\nE               AssertionError: assert '2' == '0'\nE                 - 2\nE                 + 0\n\ntest_testcase.py:73: AssertionError",
  "flaky" : false,
  "beforeStages" : [ {
    "name" : "_Class__pytest_setup_class",
    "time" : {
      "start" : 1576678926239,
      "stop" : 1576678926240,
      "duration" : 1
    },
    "status" : "passed",
    "steps" : [ ],
    "attachments" : [ ],
    "parameters" : [ ],
    "stepsCount" : 0,
    "attachmentsCount" : 0,
    "shouldDisplayMessage" : false,
    "hasContent" : false
  }, {
    "name" : "_Module__pytest_setup_module",
    "time" : {
      "start" : 1576678926239,
      "stop" : 1576678926239,
      "duration" : 0
    },
    "status" : "passed",
    "steps" : [ ],
    "attachments" : [ ],
    "parameters" : [ ],
    "stepsCount" : 0,
    "attachmentsCount" : 0,
    "shouldDisplayMessage" : false,
    "hasContent" : false
  } ],
  "testStage" : {
    "description" : " 呵呵呵呵1234",
    "status" : "failed",
    "statusMessage" : "AssertionError: assert '2' == '0'\n  - 2\n  + 0",
    "statusTrace" : "self = <tests.test_testcase.TestSingle object at 0x10a2f0fd0>\n\n    @allure.story(\"测试3\")\n    def test_get_login_submit(self):\n        \"\"\" 呵呵呵呵1234\"\"\"\n        single_testcase_yaml = os.path.join(os.path.dirname(__file__), \"api\", \"get_login_submit.yml\")\n    \n        result = self.run.run_yml(single_testcase_yaml)\n        logger.info(\"666666666\"+str(result))\n        for ass in result[0]:\n            logger.info(ass[\"url\"])\n            logger.info(ass[\"method\"])\n            for vale in ass[\"data\"]:\n                logger.info(\"=======Assert=====\")\n                logger.info(\"{} expected:{} actual:{}\".format(vale[\"key\"], vale[\"expected\"], vale[\"actual\"]))\n                # logger.info(\"actual:{}\".format(vale[\"actual\"]))\n>               assert vale[\"expected\"] == vale[\"actual\"]\nE               AssertionError: assert '2' == '0'\nE                 - 2\nE                 + 0\n\ntest_testcase.py:73: AssertionError",
    "steps" : [ ],
    "attachments" : [ {
      "uid" : "a96cab371a786e00",
      "name" : "log",
      "source" : "a96cab371a786e00.txt",
      "type" : "text/plain",
      "size" : 0
    }, {
      "uid" : "14791902f73e7149",
      "name" : "stdout",
      "source" : "14791902f73e7149.txt",
      "type" : "text/plain",
      "size" : 0
    }, {
      "uid" : "51c6a400580a6dba",
      "name" : "stderr",
      "source" : "51c6a400580a6dba.txt",
      "type" : "text/plain",
      "size" : 0
    } ],
    "parameters" : [ ],
    "stepsCount" : 0,
    "attachmentsCount" : 3,
    "shouldDisplayMessage" : true,
    "hasContent" : true
  },
  "afterStages" : [ {
    "name" : "_Class__pytest_setup_class::0",
    "time" : {
      "start" : 1576678928988,
      "stop" : 1576678928988,
      "duration" : 0
    },
    "status" : "passed",
    "steps" : [ ],
    "attachments" : [ ],
    "parameters" : [ ],
    "stepsCount" : 0,
    "attachmentsCount" : 0,
    "shouldDisplayMessage" : false,
    "hasContent" : false
  }, {
    "name" : "_Module__pytest_setup_module::0",
    "time" : {
      "start" : 1576678928989,
      "stop" : 1576678928989,
      "duration" : 0
    },
    "status" : "passed",
    "steps" : [ ],
    "attachments" : [ ],
    "parameters" : [ ],
    "stepsCount" : 0,
    "attachmentsCount" : 0,
    "shouldDisplayMessage" : false,
    "hasContent" : false
  } ],
  "labels" : [ {
    "name" : "story",
    "value" : "测试3"
  }, {
    "name" : "feature",
    "value" : "测试接口"
  }, {
    "name" : "suite",
    "value" : "test_testcase"
  }, {
    "name" : "subSuite",
    "value" : "TestSingle"
  }, {
    "name" : "host",
    "value" : "anxiaodongdeMacBook-Pro.local"
  }, {
    "name" : "thread",
    "value" : "11357-MainThread"
  }, {
    "name" : "framework",
    "value" : "pytest"
  }, {
    "name" : "language",
    "value" : "cpython3"
  }, {
    "name" : "package",
    "value" : "test_testcase"
  }, {
    "name" : "resultFormat",
    "value" : "allure2"
  } ],
  "parameters" : [ ],
  "links" : [ ],
  "hidden" : true,
  "retry" : true,
  "extra" : {
    "categories" : [ ],
    "tags" : [ ]
  },
  "source" : "404db057a78f369d.json",
  "parameterValues" : [ ]
}