{
  "uid" : "4164b182f10e824c",
  "name" : "test_get_login_submit",
  "fullName" : "test_testcase.TestSingle#test_get_login_submit",
  "historyId" : "9d45b30fd97667aff13f3a162735a3a9",
  "time" : {
    "start" : 1576599528528,
    "stop" : 1576599528889,
    "duration" : 361
  },
  "description" : " 呵呵呵呵1234",
  "descriptionHtml" : "<p>呵呵呵呵1234</p>\n",
  "status" : "failed",
  "statusMessage" : "AssertionError: assert '2' == '0'\n  - 2\n  + 0",
  "statusTrace" : "self = <tests.test_testcase.TestSingle object at 0x10b29eef0>\n\n    @allure.story(\"测试3\")\n    def test_get_login_submit(self):\n        \"\"\" 呵呵呵呵1234\"\"\"\n        single_testcase_yaml = os.path.join(os.path.dirname(__file__), \"api\", \"get_login_submit.yml\")\n    \n        result = self.run.run_yml(single_testcase_yaml)\n        print(\"666666666\"+str(result))\n        for ass in result[0]:\n            try:\n>               assert ass[\"expected\"] == ass[\"actual\"]\nE               AssertionError: assert '2' == '0'\nE                 - 2\nE                 + 0\n\ntest_testcase.py:68: AssertionError\n\nDuring handling of the above exception, another exception occurred:\n\nself = <tests.test_testcase.TestSingle object at 0x10b29eef0>\n\n    @allure.story(\"测试3\")\n    def test_get_login_submit(self):\n        \"\"\" 呵呵呵呵1234\"\"\"\n        single_testcase_yaml = os.path.join(os.path.dirname(__file__), \"api\", \"get_login_submit.yml\")\n    \n        result = self.run.run_yml(single_testcase_yaml)\n        print(\"666666666\"+str(result))\n        for ass in result[0]:\n            try:\n                assert ass[\"expected\"] == ass[\"actual\"]\n            except AssertionError:\n                print(ass[\"url\"])\n                print(\"\\033[1;31m=======AssertionError=====\\033[0m\")\n                print(\"\\033[1;36mexpected:\\033[0m\" + '\\n\\t' + \"{}={}\".format(\"expected\", ass[\"expected\"]))\n                print(\"\\033[1;32mactual:\\033[0m\" + '\\n\\t' + \"{}={}\".format(\"actual\", ass[\"actual\"]))\n>               assert ass[\"expected\"] == ass[\"actual\"]\nE               AssertionError: assert '2' == '0'\nE                 - 2\nE                 + 0\n\ntest_testcase.py:74: AssertionError",
  "flaky" : false,
  "beforeStages" : [ {
    "name" : "_Class__pytest_setup_class",
    "time" : {
      "start" : 1576599527559,
      "stop" : 1576599527559,
      "duration" : 0
    },
    "status" : "passed",
    "steps" : [ ],
    "attachments" : [ ],
    "parameters" : [ ],
    "stepsCount" : 0,
    "attachmentsCount" : 0,
    "shouldDisplayMessage" : false,
    "hasContent" : false
  }, {
    "name" : "_Module__pytest_setup_module",
    "time" : {
      "start" : 1576599527559,
      "stop" : 1576599527559,
      "duration" : 0
    },
    "status" : "passed",
    "steps" : [ ],
    "attachments" : [ ],
    "parameters" : [ ],
    "stepsCount" : 0,
    "attachmentsCount" : 0,
    "shouldDisplayMessage" : false,
    "hasContent" : false
  } ],
  "testStage" : {
    "description" : " 呵呵呵呵1234",
    "status" : "failed",
    "statusMessage" : "AssertionError: assert '2' == '0'\n  - 2\n  + 0",
    "statusTrace" : "self = <tests.test_testcase.TestSingle object at 0x10b29eef0>\n\n    @allure.story(\"测试3\")\n    def test_get_login_submit(self):\n        \"\"\" 呵呵呵呵1234\"\"\"\n        single_testcase_yaml = os.path.join(os.path.dirname(__file__), \"api\", \"get_login_submit.yml\")\n    \n        result = self.run.run_yml(single_testcase_yaml)\n        print(\"666666666\"+str(result))\n        for ass in result[0]:\n            try:\n>               assert ass[\"expected\"] == ass[\"actual\"]\nE               AssertionError: assert '2' == '0'\nE                 - 2\nE                 + 0\n\ntest_testcase.py:68: AssertionError\n\nDuring handling of the above exception, another exception occurred:\n\nself = <tests.test_testcase.TestSingle object at 0x10b29eef0>\n\n    @allure.story(\"测试3\")\n    def test_get_login_submit(self):\n        \"\"\" 呵呵呵呵1234\"\"\"\n        single_testcase_yaml = os.path.join(os.path.dirname(__file__), \"api\", \"get_login_submit.yml\")\n    \n        result = self.run.run_yml(single_testcase_yaml)\n        print(\"666666666\"+str(result))\n        for ass in result[0]:\n            try:\n                assert ass[\"expected\"] == ass[\"actual\"]\n            except AssertionError:\n                print(ass[\"url\"])\n                print(\"\\033[1;31m=======AssertionError=====\\033[0m\")\n                print(\"\\033[1;36mexpected:\\033[0m\" + '\\n\\t' + \"{}={}\".format(\"expected\", ass[\"expected\"]))\n                print(\"\\033[1;32mactual:\\033[0m\" + '\\n\\t' + \"{}={}\".format(\"actual\", ass[\"actual\"]))\n>               assert ass[\"expected\"] == ass[\"actual\"]\nE               AssertionError: assert '2' == '0'\nE                 - 2\nE                 + 0\n\ntest_testcase.py:74: AssertionError",
    "steps" : [ ],
    "attachments" : [ {
      "uid" : "a9d3ab8e9dd07b97",
      "name" : "log",
      "source" : "a9d3ab8e9dd07b97.txt",
      "type" : "text/plain",
      "size" : 0
    }, {
      "uid" : "40ac64963237b560",
      "name" : "stdout",
      "source" : "40ac64963237b560.txt",
      "type" : "text/plain",
      "size" : 0
    }, {
      "uid" : "d35b92c6e766a114",
      "name" : "stderr",
      "source" : "d35b92c6e766a114.txt",
      "type" : "text/plain",
      "size" : 0
    } ],
    "parameters" : [ ],
    "stepsCount" : 0,
    "attachmentsCount" : 3,
    "shouldDisplayMessage" : true,
    "hasContent" : true
  },
  "afterStages" : [ {
    "name" : "_Class__pytest_setup_class::0",
    "time" : {
      "start" : 1576599529315,
      "stop" : 1576599529315,
      "duration" : 0
    },
    "status" : "passed",
    "steps" : [ ],
    "attachments" : [ ],
    "parameters" : [ ],
    "stepsCount" : 0,
    "attachmentsCount" : 0,
    "shouldDisplayMessage" : false,
    "hasContent" : false
  }, {
    "name" : "_Module__pytest_setup_module::0",
    "time" : {
      "start" : 1576599529316,
      "stop" : 1576599529316,
      "duration" : 0
    },
    "status" : "passed",
    "steps" : [ ],
    "attachments" : [ ],
    "parameters" : [ ],
    "stepsCount" : 0,
    "attachmentsCount" : 0,
    "shouldDisplayMessage" : false,
    "hasContent" : false
  } ],
  "labels" : [ {
    "name" : "feature",
    "value" : "测试接口"
  }, {
    "name" : "story",
    "value" : "测试3"
  }, {
    "name" : "suite",
    "value" : "test_testcase"
  }, {
    "name" : "subSuite",
    "value" : "TestSingle"
  }, {
    "name" : "host",
    "value" : "anxiaodongdeMacBook-Pro.local"
  }, {
    "name" : "thread",
    "value" : "5551-MainThread"
  }, {
    "name" : "framework",
    "value" : "pytest"
  }, {
    "name" : "language",
    "value" : "cpython3"
  }, {
    "name" : "package",
    "value" : "test_testcase"
  }, {
    "name" : "resultFormat",
    "value" : "allure2"
  } ],
  "parameters" : [ ],
  "links" : [ ],
  "hidden" : true,
  "retry" : true,
  "extra" : {
    "categories" : [ ],
    "tags" : [ ]
  },
  "source" : "4164b182f10e824c.json",
  "parameterValues" : [ ]
}