{
  "uid" : "9daaa8feb58cc30b",
  "name" : "test_get_login_submit",
  "fullName" : "test_testcase.TestSingle#test_get_login_submit",
  "historyId" : "9d45b30fd97667aff13f3a162735a3a9",
  "time" : {
    "start" : 1576685889193,
    "stop" : 1576685889530,
    "duration" : 337
  },
  "description" : " 呵呵呵呵1234",
  "descriptionHtml" : "<p>呵呵呵呵1234</p>\n",
  "status" : "failed",
  "statusMessage" : "AssertionError: assert '2' == '0'\n  - 2\n  + 0",
  "statusTrace" : "self = <tests.test_testcase.TestSingle object at 0x10b4a8a20>\n\n    @allure.story(\"测试3\")\n    def test_get_login_submit(self):\n        \"\"\" 呵呵呵呵1234\"\"\"\n        single_testcase_yaml = os.path.join(os.path.dirname(__file__), \"api\", \"get_login_submit.yml\")\n    \n        result = self.run.run_yml(single_testcase_yaml)\n        logger.info(\"666666666\"+str(result))\n        for ass in result[0]:\n            logger.info(\"url:\"+ass[\"url\"])\n            logger.info(\"method:\"+ass[\"method\"])\n            logger.info(\"----------------\"+\"Assert\"+\"------------------\")\n            for vale in ass[\"data\"]:\n    \n                logger.info(\"{} expected:{} actual:{}\".format(vale[\"key\"], vale[\"expected\"], vale[\"actual\"]))\n>               assert vale[\"expected\"] == vale[\"actual\"]\nE               AssertionError: assert '2' == '0'\nE                 - 2\nE                 + 0\n\ntest_testcase.py:68: AssertionError",
  "flaky" : false,
  "beforeStages" : [ {
    "name" : "_Class__pytest_setup_class",
    "time" : {
      "start" : 1576685887231,
      "stop" : 1576685887231,
      "duration" : 0
    },
    "status" : "passed",
    "steps" : [ ],
    "attachments" : [ ],
    "parameters" : [ ],
    "stepsCount" : 0,
    "attachmentsCount" : 0,
    "shouldDisplayMessage" : false,
    "hasContent" : false
  }, {
    "name" : "_Module__pytest_setup_module",
    "time" : {
      "start" : 1576685887231,
      "stop" : 1576685887231,
      "duration" : 0
    },
    "status" : "passed",
    "steps" : [ ],
    "attachments" : [ ],
    "parameters" : [ ],
    "stepsCount" : 0,
    "attachmentsCount" : 0,
    "shouldDisplayMessage" : false,
    "hasContent" : false
  } ],
  "testStage" : {
    "description" : " 呵呵呵呵1234",
    "status" : "failed",
    "statusMessage" : "AssertionError: assert '2' == '0'\n  - 2\n  + 0",
    "statusTrace" : "self = <tests.test_testcase.TestSingle object at 0x10b4a8a20>\n\n    @allure.story(\"测试3\")\n    def test_get_login_submit(self):\n        \"\"\" 呵呵呵呵1234\"\"\"\n        single_testcase_yaml = os.path.join(os.path.dirname(__file__), \"api\", \"get_login_submit.yml\")\n    \n        result = self.run.run_yml(single_testcase_yaml)\n        logger.info(\"666666666\"+str(result))\n        for ass in result[0]:\n            logger.info(\"url:\"+ass[\"url\"])\n            logger.info(\"method:\"+ass[\"method\"])\n            logger.info(\"----------------\"+\"Assert\"+\"------------------\")\n            for vale in ass[\"data\"]:\n    \n                logger.info(\"{} expected:{} actual:{}\".format(vale[\"key\"], vale[\"expected\"], vale[\"actual\"]))\n>               assert vale[\"expected\"] == vale[\"actual\"]\nE               AssertionError: assert '2' == '0'\nE                 - 2\nE                 + 0\n\ntest_testcase.py:68: AssertionError",
    "steps" : [ ],
    "attachments" : [ {
      "uid" : "d65c3f8f922aa23b",
      "name" : "log",
      "source" : "d65c3f8f922aa23b.txt",
      "type" : "text/plain",
      "size" : 6404
    }, {
      "uid" : "610e91a2bc008b66",
      "name" : "stdout",
      "source" : "610e91a2bc008b66.txt",
      "type" : "text/plain",
      "size" : 0
    }, {
      "uid" : "68b2d50f6b2557b5",
      "name" : "stderr",
      "source" : "68b2d50f6b2557b5.txt",
      "type" : "text/plain",
      "size" : 0
    } ],
    "parameters" : [ ],
    "stepsCount" : 0,
    "attachmentsCount" : 3,
    "shouldDisplayMessage" : true,
    "hasContent" : true
  },
  "afterStages" : [ {
    "name" : "_Class__pytest_setup_class::0",
    "time" : {
      "start" : 1576685889957,
      "stop" : 1576685889957,
      "duration" : 0
    },
    "status" : "passed",
    "steps" : [ ],
    "attachments" : [ ],
    "parameters" : [ ],
    "stepsCount" : 0,
    "attachmentsCount" : 0,
    "shouldDisplayMessage" : false,
    "hasContent" : false
  }, {
    "name" : "_Module__pytest_setup_module::0",
    "time" : {
      "start" : 1576685889958,
      "stop" : 1576685889958,
      "duration" : 0
    },
    "status" : "passed",
    "steps" : [ ],
    "attachments" : [ ],
    "parameters" : [ ],
    "stepsCount" : 0,
    "attachmentsCount" : 0,
    "shouldDisplayMessage" : false,
    "hasContent" : false
  } ],
  "labels" : [ {
    "name" : "story",
    "value" : "测试3"
  }, {
    "name" : "feature",
    "value" : "测试接口"
  }, {
    "name" : "suite",
    "value" : "test_testcase"
  }, {
    "name" : "subSuite",
    "value" : "TestSingle"
  }, {
    "name" : "host",
    "value" : "anxiaodongdeMacBook-Pro.local"
  }, {
    "name" : "thread",
    "value" : "12399-MainThread"
  }, {
    "name" : "framework",
    "value" : "pytest"
  }, {
    "name" : "language",
    "value" : "cpython3"
  }, {
    "name" : "package",
    "value" : "test_testcase"
  }, {
    "name" : "resultFormat",
    "value" : "allure2"
  } ],
  "parameters" : [ ],
  "links" : [ ],
  "hidden" : true,
  "retry" : true,
  "extra" : {
    "categories" : [ ],
    "tags" : [ ]
  },
  "source" : "9daaa8feb58cc30b.json",
  "parameterValues" : [ ]
}